<?xml version="1.0" encoding="UTF-8"?>
<!-- Generated by org.testng.reporters.JUnitReportReporter -->
<testsuite hostname="robin-Latitude-E5430-non-vPro" name="Package.AssertValues" tests="1" failures="0" timestamp="23 Feb 2015 05:20:39 GMT" time="0.010" errors="0">
  <testcase name="assertFalseTest" time="0.010" classname="Package.AssertValues"/>
</testsuite> <!-- Package.AssertValues -->
